<?xml version="1.0" encoding="UTF-8"?>
<!-- Generated by org.testng.reporters.JUnitReportReporter -->
<testsuite hostname="DESKTOP-E5FOM8C" failures="0" tests="1" name="org.altairretro.testcases.AddProductTest" time="1.539" errors="0" timestamp="2022-09-15T09:31:01 IST" skipped="0">
  <testcase classname="org.altairretro.testcases.AddProductTest" name="AddProduct" time="1.539"/>
  <system-out/>
</testsuite> <!-- org.altairretro.testcases.AddProductTest -->
