<?xml version="1.0" encoding="UTF-8"?>
<!-- Generated by org.testng.reporters.JUnitReportReporter -->
<testsuite hostname="DESKTOP-E5FOM8C" failures="0" tests="1" name="org.altairretro.Tests.AddSupplier_ProductTest" time="5.701" errors="0" timestamp="2022-09-22T16:26:18 IST" skipped="0">
  <testcase classname="org.altairretro.Tests.AddSupplier_ProductTest" name="AddSupplier_Product" time="5.701"/>
  <system-out/>
</testsuite> <!-- org.altairretro.Tests.AddSupplier_ProductTest -->
