<?xml version="1.0" encoding="UTF-8"?>
<!-- Generated by org.testng.reporters.JUnitReportReporter -->
<testsuite hostname="DESKTOP-E5FOM8C" failures="0" tests="1" name="org.altairretro.testcases.Testngpractice" time="0.008" errors="0" timestamp="2022-09-17T13:16:30 IST" skipped="0">
  <testcase classname="org.altairretro.testcases.Testngpractice" name="test0" time="0.008"/>
  <system-out>
    <![CDATA[@Test]]>
  </system-out>
</testsuite> <!-- org.altairretro.testcases.Testngpractice -->
